{"/Users/rachanapatil/Desktop/NAMASTE DEV 2/namaste-react/src/components/Contact.js": {"path":"/Users/rachanapatil/Desktop/NAMASTE DEV 2/namaste-react/src/components/Contact.js","statementMap":{"0":{"start":{"line":3,"column":16},"end":{"line":24,"column":1}},"1":{"start":{"line":4,"column":2},"end":{"line":23,"column":4}}},"fnMap":{"0":{"name":"(anonymous_0)","decl":{"start":{"line":3,"column":16},"end":{"line":3,"column":17}},"loc":{"start":{"line":3,"column":22},"end":{"line":24,"column":1}},"line":3}},"branchMap":{},"s":{"0":1,"1":1},"f":{"0":1},"b":{},"_coverageSchema":"1a1c01bbd47fc00a2c39e90264f33305004495a9","hash":"db884900492e753d09ad384afa68dffb1dfd2466"}
,"/Users/rachanapatil/Desktop/NAMASTE DEV 2/namaste-react/src/components/sum.js": {"path":"/Users/rachanapatil/Desktop/NAMASTE DEV 2/namaste-react/src/components/sum.js","statementMap":{"0":{"start":{"line":1,"column":19},"end":{"line":3,"column":1}},"1":{"start":{"line":2,"column":2},"end":{"line":2,"column":15}}},"fnMap":{"0":{"name":"(anonymous_0)","decl":{"start":{"line":1,"column":19},"end":{"line":1,"column":20}},"loc":{"start":{"line":1,"column":29},"end":{"line":3,"column":1}},"line":1}},"branchMap":{},"s":{"0":1,"1":1},"f":{"0":1},"b":{},"_coverageSchema":"1a1c01bbd47fc00a2c39e90264f33305004495a9","hash":"c7f3527e659c9829e919bbdd19f24ba9f50d6c5a"}
}
